<?xml version="1.0" encoding="UTF-8"?>
<testng-results ignored="0" total="2" passed="2" failed="0" skipped="0">
  <reporter-output>
  </reporter-output>
  <suite started-at="2024-09-05T13:18:28 EDT" name="Default suite" finished-at="2024-09-05T13:18:32 EDT" duration-ms="3683">
    <groups>
    </groups>
    <test started-at="2024-09-05T13:18:28 EDT" name="Default test" finished-at="2024-09-05T13:18:32 EDT" duration-ms="3683">
      <class name="com.restAssureLearning.Test.UserApiTest">
        <test-method signature="testGetUserName(java.lang.String)[pri:0, instance:com.restAssureLearning.Test.UserApiTest@6c1a5b54]" started-at="2024-09-05T13:18:30 EDT" name="testGetUserName" data-provider="getAllFieldValueExceldata" finished-at="2024-09-05T13:18:32 EDT" duration-ms="2297" status="PASS">
          <params>
            <param index="0">
              <value>
                <![CDATA[tejaorwel]]>
              </value>
            </param>
          </params>
          <reporter-output>
          </reporter-output>
        </test-method> <!-- testGetUserName -->
        <test-method signature="testGetUserName(java.lang.String)[pri:0, instance:com.restAssureLearning.Test.UserApiTest@6c1a5b54]" started-at="2024-09-05T13:18:32 EDT" name="testGetUserName" data-provider="getAllFieldValueExceldata" finished-at="2024-09-05T13:18:32 EDT" duration-ms="157" status="PASS">
          <params>
            <param index="0">
              <value>
                <![CDATA[tejaorwel17]]>
              </value>
            </param>
          </params>
          <reporter-output>
          </reporter-output>
        </test-method> <!-- testGetUserName -->
      </class> <!-- com.restAssureLearning.Test.UserApiTest -->
    </test> <!-- Default test -->
  </suite> <!-- Default suite -->
</testng-results>
